2023-12-16T14:10:02+00:00 CRITICAL Uncaught Error: Attempt to assign property "page_template" on null in C:\Users\moual\OneDrive\Bureau\planty\app\public\wp-includes\post.php:4635
Stack trace:
#0 C:\Users\moual\OneDrive\Bureau\planty\app\public\wp-includes\post.php(4862): wp_insert_post(Array, false, true)
#1 C:\Users\moual\OneDrive\Bureau\planty\app\public\wp-content\plugins\elementor\core\settings\page\manager.php(130): wp_update_post(Array)
#2 C:\Users\moual\OneDrive\Bureau\planty\app\public\wp-content\plugins\elementor\core\base\document.php(1716): Elementor\Core\Settings\Page\Manager->ajax_before_save_settings(Array, 961)
#3 C:\Users\moual\OneDrive\Bureau\planty\app\public\wp-content\plugins\elementor\core\base\document.php(782): Elementor\Core\Base\Document->save_settings(Array)
#4 C:\Users\moual\OneDrive\Bureau\planty\app\public\wp-content\plugins\elementor\core\documents-manager.php(545): Elementor\Core\Base\Document->save(Array)
#5 [internal function]: Elementor\Core\Documents_Manager->ajax_save(Array, Object(Elementor\Core\Common\Modules\Ajax\Module))
#6 C:\Users\moual\OneDrive\Bureau\planty\app\public\wp-content\plugins\elementor\core\common\modules\ajax\module.php(176): call_user_func(Array, Array, Object(Elementor\Core\Common\Modules\Ajax\Module))
#7 C:\Users\moual\OneDrive\Bureau\planty\app\public\wp-includes\class-wp-hook.php(324): Elementor\Core\Common\Modules\Ajax\Module->handle_ajax_request('')
#8 C:\Users\moual\OneDrive\Bureau\planty\app\public\wp-includes\class-wp-hook.php(348): WP_Hook->apply_filters('', Array)
#9 C:\Users\moual\OneDrive\Bureau\planty\app\public\wp-includes\plugin.php(517): WP_Hook->do_action(Array)
#10 C:\Users\moual\OneDrive\Bureau\planty\app\public\wp-admin\admin-ajax.php(188): do_action('wp_ajax_element...')
#11 {main}
  thrown in C:\Users\moual\OneDrive\Bureau\planty\app\public\wp-includes\post.php on line 4635

2023-12-16T15:16:46+00:00 CRITICAL Uncaught Error: Call to undefined function get_field() in C:\Users\moual\OneDrive\Bureau\planty\app\public\wp-content\plugins\code-snippets\php\snippet-ops.php(582) : eval()'d code:7
Stack trace:
#0 C:\Users\moual\OneDrive\Bureau\planty\app\public\wp-content\plugins\code-snippets\php\snippet-ops.php(582): eval()
#1 C:\Users\moual\OneDrive\Bureau\planty\app\public\wp-content\plugins\code-snippets\php\snippet-ops.php(470): Code_Snippets\execute_snippet('\n// Template Na...', 0, true)
#2 C:\Users\moual\OneDrive\Bureau\planty\app\public\wp-content\plugins\code-snippets\php\snippet-ops.php(510): Code_Snippets\test_snippet_code(Object(Code_Snippets\Snippet))
#3 C:\Users\moual\OneDrive\Bureau\planty\app\public\wp-content\plugins\code-snippets\php\rest-api\class-snippets-rest-controller.php(239): Code_Snippets\save_snippet(Object(Code_Snippets\Snippet))
#4 C:\Users\moual\OneDrive\Bureau\planty\app\public\wp-includes\rest-api\class-wp-rest-server.php(1193): Code_Snippets\REST_API\Snippets_REST_Controller->create_item(Object(WP_REST_Request))
#5 C:\Users\moual\OneDrive\Bureau\planty\app\public\wp-includes\rest-api\class-wp-rest-server.php(1041): WP_REST_Server->respond_to_request(Object(WP_REST_Request), '/code-snippets/...', Array, NULL)
#6 C:\Users\moual\OneDrive\Bureau\planty\app\public\wp-includes\rest-api\class-wp-rest-server.php(431): WP_REST_Server->dispatch(Object(WP_REST_Request))
#7 C:\Users\moual\OneDrive\Bureau\planty\app\public\wp-includes\rest-api.php(424): WP_REST_Server->serve_request('/code-snippets/...')
#8 C:\Users\moual\OneDrive\Bureau\planty\app\public\wp-includes\class-wp-hook.php(324): rest_api_loaded(Object(WP))
#9 C:\Users\moual\OneDrive\Bureau\planty\app\public\wp-includes\class-wp-hook.php(348): WP_Hook->apply_filters(NULL, Array)
#10 C:\Users\moual\OneDrive\Bureau\planty\app\public\wp-includes\plugin.php(565): WP_Hook->do_action(Array)
#11 C:\Users\moual\OneDrive\Bureau\planty\app\public\wp-includes\class-wp.php(418): do_action_ref_array('parse_request', Array)
#12 C:\Users\moual\OneDrive\Bureau\planty\app\public\wp-includes\class-wp.php(813): WP->parse_request('')
#13 C:\Users\moual\OneDrive\Bureau\planty\app\public\wp-includes\functions.php(1336): WP->main('')
#14 C:\Users\moual\OneDrive\Bureau\planty\app\public\wp-blog-header.php(16): wp()
#15 C:\Users\moual\OneDrive\Bureau\planty\app\public\index.php(17): require('C:\\Users\\moual\\...')
#16 {main}
  thrown in C:\Users\moual\OneDrive\Bureau\planty\app\public\wp-content\plugins\code-snippets\php\snippet-ops.php(582) : eval()'d code on line 7

2023-12-16T15:19:45+00:00 CRITICAL Uncaught Error: Call to undefined function get_field() in C:\Users\moual\OneDrive\Bureau\planty\app\public\wp-content\plugins\code-snippets\php\snippet-ops.php(582) : eval()'d code:6
Stack trace:
#0 C:\Users\moual\OneDrive\Bureau\planty\app\public\wp-content\plugins\code-snippets\php\snippet-ops.php(582): eval()
#1 C:\Users\moual\OneDrive\Bureau\planty\app\public\wp-content\plugins\code-snippets\php\snippet-ops.php(470): Code_Snippets\execute_snippet('// Template Nam...', 0, true)
#2 C:\Users\moual\OneDrive\Bureau\planty\app\public\wp-content\plugins\code-snippets\php\snippet-ops.php(510): Code_Snippets\test_snippet_code(Object(Code_Snippets\Snippet))
#3 C:\Users\moual\OneDrive\Bureau\planty\app\public\wp-content\plugins\code-snippets\php\rest-api\class-snippets-rest-controller.php(239): Code_Snippets\save_snippet(Object(Code_Snippets\Snippet))
#4 C:\Users\moual\OneDrive\Bureau\planty\app\public\wp-includes\rest-api\class-wp-rest-server.php(1193): Code_Snippets\REST_API\Snippets_REST_Controller->create_item(Object(WP_REST_Request))
#5 C:\Users\moual\OneDrive\Bureau\planty\app\public\wp-includes\rest-api\class-wp-rest-server.php(1041): WP_REST_Server->respond_to_request(Object(WP_REST_Request), '/code-snippets/...', Array, NULL)
#6 C:\Users\moual\OneDrive\Bureau\planty\app\public\wp-includes\rest-api\class-wp-rest-server.php(431): WP_REST_Server->dispatch(Object(WP_REST_Request))
#7 C:\Users\moual\OneDrive\Bureau\planty\app\public\wp-includes\rest-api.php(424): WP_REST_Server->serve_request('/code-snippets/...')
#8 C:\Users\moual\OneDrive\Bureau\planty\app\public\wp-includes\class-wp-hook.php(324): rest_api_loaded(Object(WP))
#9 C:\Users\moual\OneDrive\Bureau\planty\app\public\wp-includes\class-wp-hook.php(348): WP_Hook->apply_filters(NULL, Array)
#10 C:\Users\moual\OneDrive\Bureau\planty\app\public\wp-includes\plugin.php(565): WP_Hook->do_action(Array)
#11 C:\Users\moual\OneDrive\Bureau\planty\app\public\wp-includes\class-wp.php(418): do_action_ref_array('parse_request', Array)
#12 C:\Users\moual\OneDrive\Bureau\planty\app\public\wp-includes\class-wp.php(813): WP->parse_request('')
#13 C:\Users\moual\OneDrive\Bureau\planty\app\public\wp-includes\functions.php(1336): WP->main('')
#14 C:\Users\moual\OneDrive\Bureau\planty\app\public\wp-blog-header.php(16): wp()
#15 C:\Users\moual\OneDrive\Bureau\planty\app\public\index.php(17): require('C:\\Users\\moual\\...')
#16 {main}
  thrown in C:\Users\moual\OneDrive\Bureau\planty\app\public\wp-content\plugins\code-snippets\php\snippet-ops.php(582) : eval()'d code on line 6

2023-12-16T15:26:02+00:00 CRITICAL Uncaught Error: Call to undefined function get_field() in C:\Users\moual\OneDrive\Bureau\planty\app\public\wp-content\themes\astra-child\preco.php:7
Stack trace:
#0 C:\Users\moual\OneDrive\Bureau\planty\app\public\wp-includes\template-loader.php(106): include()
#1 C:\Users\moual\OneDrive\Bureau\planty\app\public\wp-blog-header.php(19): require_once('C:\\Users\\moual\\...')
#2 C:\Users\moual\OneDrive\Bureau\planty\app\public\index.php(17): require('C:\\Users\\moual\\...')
#3 {main}
  thrown in C:\Users\moual\OneDrive\Bureau\planty\app\public\wp-content\themes\astra-child\preco.php on line 7

2023-12-16T15:28:01+00:00 CRITICAL Uncaught Error: Call to undefined function get_field() in C:\Users\moual\OneDrive\Bureau\planty\app\public\wp-content\themes\astra-child\preco.php:7
Stack trace:
#0 C:\Users\moual\OneDrive\Bureau\planty\app\public\wp-includes\template-loader.php(106): include()
#1 C:\Users\moual\OneDrive\Bureau\planty\app\public\wp-blog-header.php(19): require_once('C:\\Users\\moual\\...')
#2 C:\Users\moual\OneDrive\Bureau\planty\app\public\index.php(17): require('C:\\Users\\moual\\...')
#3 {main}
  thrown in C:\Users\moual\OneDrive\Bureau\planty\app\public\wp-content\themes\astra-child\preco.php on line 7

2023-12-16T15:28:41+00:00 CRITICAL Uncaught Error: Call to undefined function get_field() in C:\Users\moual\OneDrive\Bureau\planty\app\public\wp-content\themes\astra-child\preco.php:7
Stack trace:
#0 C:\Users\moual\OneDrive\Bureau\planty\app\public\wp-includes\template-loader.php(106): include()
#1 C:\Users\moual\OneDrive\Bureau\planty\app\public\wp-blog-header.php(19): require_once('C:\\Users\\moual\\...')
#2 C:\Users\moual\OneDrive\Bureau\planty\app\public\index.php(17): require('C:\\Users\\moual\\...')
#3 {main}
  thrown in C:\Users\moual\OneDrive\Bureau\planty\app\public\wp-content\themes\astra-child\preco.php on line 7

2023-12-16T15:31:37+00:00 CRITICAL Uncaught Error: Call to undefined function get_field() in C:\Users\moual\OneDrive\Bureau\planty\app\public\wp-content\themes\astra-child\preco.php:8
Stack trace:
#0 C:\Users\moual\OneDrive\Bureau\planty\app\public\wp-includes\template-loader.php(106): include()
#1 C:\Users\moual\OneDrive\Bureau\planty\app\public\wp-blog-header.php(19): require_once('C:\\Users\\moual\\...')
#2 C:\Users\moual\OneDrive\Bureau\planty\app\public\index.php(17): require('C:\\Users\\moual\\...')
#3 {main}
  thrown in C:\Users\moual\OneDrive\Bureau\planty\app\public\wp-content\themes\astra-child\preco.php on line 8

2023-12-16T15:34:11+00:00 CRITICAL syntax error, unexpected token "<", expecting end of file in C:\Users\moual\OneDrive\Bureau\planty\app\public\wp-content\themes\astra-child\preco.php on line 9

2023-12-16T15:34:33+00:00 CRITICAL syntax error, unexpected token "<", expecting end of file in C:\Users\moual\OneDrive\Bureau\planty\app\public\wp-content\themes\astra-child\preco.php on line 9

2023-12-16T15:34:49+00:00 CRITICAL Uncaught Error: Call to undefined function get_field() in C:\Users\moual\OneDrive\Bureau\planty\app\public\wp-content\themes\astra-child\preco.php:13
Stack trace:
#0 C:\Users\moual\OneDrive\Bureau\planty\app\public\wp-includes\template-loader.php(106): include()
#1 C:\Users\moual\OneDrive\Bureau\planty\app\public\wp-blog-header.php(19): require_once('C:\\Users\\moual\\...')
#2 C:\Users\moual\OneDrive\Bureau\planty\app\public\index.php(17): require('C:\\Users\\moual\\...')
#3 {main}
  thrown in C:\Users\moual\OneDrive\Bureau\planty\app\public\wp-content\themes\astra-child\preco.php on line 13

